2021-01-06 10:40:37,099 INFO  [Log] Naviate to application homepage 
2021-01-06 10:40:38,954 INFO  [Log] Selectig Laptop option from categories 
2021-01-06 10:40:42,126 INFO  [Log] Selectig products from laptop page 
2021-01-06 10:40:49,823 INFO  [Log] Naviate to application homepage 
2021-01-06 10:40:50,901 INFO  [Log] Selectig Laptop option from categories 
2021-01-06 10:40:54,071 INFO  [Log] Selectig products from laptop page 
2021-01-06 10:41:01,847 INFO  [Log] Navigate to cart page 
2021-01-06 10:41:03,111 INFO  [Log] delete product from cart page 
2021-01-06 10:41:07,066 INFO  [Log] Get the totdal price count at cart page 
2021-01-06 10:41:07,124 INFO  [Log] Clicking at Placeorder 
2021-01-06 10:41:07,204 INFO  [Log] Filling all the requiredfield at forms 
2021-01-06 10:41:10,685 INFO  [Log] Clicking at purchase order 
2021-01-06 10:41:10,804 INFO  [Log] Clicing at Ok Button 
2021-01-06 10:42:11,886 INFO  [Log] Naviate to application homepage 
2021-01-06 10:42:13,482 INFO  [Log] Selectig Laptop option from categories 
2021-01-06 10:42:16,675 INFO  [Log] Selectig products from laptop page 
2021-01-06 10:42:24,459 INFO  [Log] Naviate to application homepage 
2021-01-06 10:42:25,507 INFO  [Log] Selectig Laptop option from categories 
2021-01-06 10:42:28,648 INFO  [Log] Selectig products from laptop page 
2021-01-06 10:42:36,347 INFO  [Log] Navigate to cart page 
2021-01-06 10:42:37,542 INFO  [Log] delete product from cart page 
2021-01-06 10:42:41,451 INFO  [Log] Get the totdal price count at cart page 
2021-01-06 10:42:41,514 INFO  [Log] Clicking at Placeorder 
2021-01-06 10:42:41,598 INFO  [Log] Filling all the requiredfield at forms 
2021-01-06 10:42:45,103 INFO  [Log] Clicking at purchase order 
2021-01-06 10:42:45,245 INFO  [Log] Clicing at Ok Button 
2021-01-06 10:43:11,761 INFO  [Log] Naviate to application homepage 
2021-01-06 10:43:14,162 INFO  [Log] Selectig Laptop option from categories 
2021-01-06 10:43:17,355 INFO  [Log] Selectig products from laptop page 
2021-01-06 10:43:24,879 INFO  [Log] Naviate to application homepage 
2021-01-06 10:43:25,924 INFO  [Log] Selectig Laptop option from categories 
2021-01-06 10:43:29,089 INFO  [Log] Selectig products from laptop page 
2021-01-06 10:43:36,729 INFO  [Log] Navigate to cart page 
2021-01-06 10:43:37,883 INFO  [Log] delete product from cart page 
2021-01-06 10:43:41,860 INFO  [Log] Get the totdal price count at cart page 
2021-01-06 10:43:41,924 INFO  [Log] Clicking at Placeorder 
2021-01-06 10:43:42,004 INFO  [Log] Filling all the requiredfield at forms 
2021-01-06 10:43:45,490 INFO  [Log] Clicking at purchase order 
2021-01-06 10:43:45,615 INFO  [Log] Clicing at Ok Button 
2021-01-06 11:25:23,985 INFO  [Log] Naviate to application homepage 
2021-01-06 11:25:26,162 INFO  [Log] Selectig Laptop option from categories 
2021-01-06 11:25:29,328 INFO  [Log] Selectig products from laptop page 
2021-01-06 11:25:36,968 INFO  [Log] Naviate to application homepage 
2021-01-06 11:25:37,988 INFO  [Log] Selectig Laptop option from categories 
2021-01-06 11:25:41,128 INFO  [Log] Selectig products from laptop page 
2021-01-06 11:25:48,652 INFO  [Log] Navigate to cart page 
2021-01-06 11:25:49,709 INFO  [Log] delete product from cart page 
2021-01-06 11:25:53,764 INFO  [Log] Get the totdal price count at cart page 
2021-01-06 11:25:53,806 INFO  [Log] Clicking at Placeorder 
2021-01-06 11:25:53,879 INFO  [Log] Filling all the requiredfield at forms 
2021-01-06 11:25:57,393 INFO  [Log] Clicking at purchase order 
2021-01-06 11:25:57,517 INFO  [Log] Clicing at Ok Button 
2021-01-06 11:30:55,981 INFO  [Log] Naviate to application homepage 
2021-01-06 11:30:58,548 INFO  [Log] Selectig Laptop option from categories 
2021-01-06 11:31:01,747 INFO  [Log] Selectig products from laptop page 
2021-01-06 11:31:09,386 INFO  [Log] Naviate to application homepage 
2021-01-06 11:31:10,677 INFO  [Log] Selectig Laptop option from categories 
2021-01-06 11:31:13,856 INFO  [Log] Selectig products from laptop page 
2021-01-06 11:31:21,452 INFO  [Log] Navigate to cart page 
2021-01-06 11:31:22,639 INFO  [Log] delete product from cart page 
2021-01-06 11:31:25,945 INFO  [Log] Gettings the total price count at cart page 
2021-01-06 11:31:25,983 INFO  [Log] Clicking at Placeorder 
2021-01-06 11:31:26,057 INFO  [Log] Filling all the requiredfield at forms 
2021-01-06 11:31:29,564 INFO  [Log] Clicking at purchase order 
2021-01-06 11:31:29,703 INFO  [Log] Clicing at Ok Button 
2021-01-06 11:32:03,915 INFO  [Log] Naviate to application homepage 
2021-01-06 11:32:05,568 INFO  [Log] Selectig Laptop option from categories 
2021-01-06 11:32:08,726 INFO  [Log] Selectig products from laptop page 
2021-01-06 11:32:16,275 INFO  [Log] Naviate to application homepage 
2021-01-06 11:32:17,615 INFO  [Log] Selectig Laptop option from categories 
2021-01-06 11:32:20,755 INFO  [Log] Selectig products from laptop page 
2021-01-06 11:32:28,387 INFO  [Log] Navigate to cart page 
2021-01-06 11:32:29,809 INFO  [Log] delete product from cart page 
2021-01-06 11:32:33,663 INFO  [Log] Gettings the total price count at cart page 
2021-01-06 11:32:33,699 INFO  [Log] Clicking at Placeorder 
2021-01-06 11:32:33,773 INFO  [Log] Filling all the requiredfield at forms 
2021-01-06 11:32:37,263 INFO  [Log] Clicking at purchase order 
2021-01-06 11:32:37,389 INFO  [Log] Clicing at Ok Button 
2021-01-06 11:40:38,304 INFO  [Log] Naviate to application homepage 
2021-01-06 11:40:40,559 INFO  [Log] Selectig Laptop option from categories 
2021-01-06 11:40:43,697 INFO  [Log] Selectig products from laptop page 
2021-01-06 11:40:51,885 INFO  [Log] Naviate to application homepage 
2021-01-06 11:40:52,921 INFO  [Log] Selectig Laptop option from categories 
2021-01-06 11:40:56,053 INFO  [Log] Selectig products from laptop page 
2021-01-06 11:41:03,645 INFO  [Log] Navigate to cart page 
2021-01-06 11:41:04,788 INFO  [Log] delete product from cart page 
2021-01-06 11:41:08,663 INFO  [Log] Gettings the total price count at cart page 
2021-01-06 11:41:08,705 INFO  [Log] Clicking at Placeorder 
2021-01-06 11:41:08,781 INFO  [Log] Filling all the requiredfield at forms 
2021-01-06 11:41:12,293 INFO  [Log] Clicking at purchase order 
2021-01-06 11:41:12,424 INFO  [Log] Clicing at Ok Button 
2021-01-06 11:42:09,654 INFO  [Log] Naviate to application homepage 
2021-01-06 11:42:11,963 INFO  [Log] Selectig Laptop option from categories 
2021-01-06 11:42:15,114 INFO  [Log] Selectig products from laptop page 
2021-01-06 11:42:22,810 INFO  [Log] Naviate to application homepage 
2021-01-06 11:42:23,874 INFO  [Log] Selectig Laptop option from categories 
2021-01-06 11:42:27,029 INFO  [Log] Selectig products from laptop page 
2021-01-06 11:42:34,862 INFO  [Log] Navigate to cart page 
2021-01-06 11:42:38,275 INFO  [Log] delete product from cart page 
2021-01-06 11:42:40,526 INFO  [Log] Gettings the total price count at cart page 
2021-01-06 11:42:40,576 INFO  [Log] Clicking at Placeorder 
2021-01-06 11:42:40,663 INFO  [Log] Filling all the requiredfield at forms 
2021-01-06 11:42:44,206 INFO  [Log] Clicking at purchase order 
2021-01-06 11:42:44,327 INFO  [Log] Clicing at Ok Button 
